<?xml version="1.0" encoding="UTF-8"?>
<!-- Generated by org.testng.reporters.JUnitReportReporter -->
<testsuite hostname="AkhileshKumar" failures="0" tests="1" name="Script.TestCase1" time="17.390" errors="0" timestamp="2022-05-01T17:45:31 IST" skipped="0">
  <testcase classname="Script.TestCase1" name="tc1" time="17.390"/>
  <system-out/>
</testsuite> <!-- Script.TestCase1 -->
