<?xml version="1.0" encoding="UTF-8"?>
<!-- Generated by org.testng.reporters.JUnitReportReporter -->
<testsuite hostname="AkhileshKumar" failures="0" tests="1" name="Script.TestCase3" time="17.559" errors="0" timestamp="2022-05-01T17:29:27 IST" skipped="0">
  <testcase classname="Script.TestCase3" name="tc3" time="17.559"/>
  <system-out/>
</testsuite> <!-- Script.TestCase3 -->
