<?xml version="1.0" encoding="UTF-8"?>
<!-- Generated by org.testng.reporters.JUnitReportReporter -->
<testsuite hostname="AkhileshKumar" failures="0" tests="1" name="Script.TestCase2" time="27.412" errors="0" timestamp="2022-04-30T23:09:57 IST" skipped="0">
  <testcase classname="Script.TestCase2" name="tc2" time="27.412"/>
  <system-out/>
</testsuite> <!-- Script.TestCase2 -->
